<?xml version="1.0" encoding="UTF-8"?>
<!-- Generated by org.testng.reporters.JUnitReportReporter -->
<testsuite hostname="LAPTOP-MQEI271P" failures="0" tests="3" name="Test.TC_001_Signup" time="20.427" errors="0" timestamp="2025-04-29T21:13:37 IST" skipped="0">
  <testcase classname="Test.TC_001_Signup" name="loginexecution" time="6.062"/>
  <testcase classname="Test.TC_001_Signup" name="loginexecution" time="7.018"/>
  <testcase classname="Test.TC_001_Signup" name="loginexecution" time="7.347"/>
</testsuite> <!-- Test.TC_001_Signup -->
