<?xml version="1.0" encoding="UTF-8"?>
<!-- Generated by org.testng.reporters.JUnitReportReporter -->
<testsuite hostname="LAPTOP-MQEI271P" failures="0" tests="2" name="Test.TC_001_Login" time="17.078" errors="0" timestamp="2025-04-25T12:42:01 IST" skipped="0">
  <testcase classname="Test.TC_001_Login" name="loginexecution" time="7.071"/>
  <testcase classname="Test.TC_001_Login" name="loginexecution" time="10.007"/>
</testsuite> <!-- Test.TC_001_Login -->
