<?xml version="1.0" encoding="UTF-8"?>
<!-- Generated by org.testng.reporters.JUnitReportReporter -->
<testsuite hostname="LAPTOP-MQEI271P" failures="0" tests="2" name="Test.TC_002_Login" time="11.746" errors="0" timestamp="2025-04-29T21:13:37 IST" skipped="0">
  <testcase classname="Test.TC_002_Login" name="loginexecution" time="7.726"/>
  <testcase classname="Test.TC_002_Login" name="loginexecution" time="4.020"/>
</testsuite> <!-- Test.TC_002_Login -->
