<?xml version="1.0" encoding="UTF-8"?>
<!-- Generated by org.testng.reporters.JUnitReportReporter -->
<testsuite hostname="LAPTOP-MQEI271P" failures="0" tests="5" name="Test.TC_003_SearchHotelTCexecution" time="31.486" errors="0" timestamp="2025-04-29T21:13:37 IST" skipped="0">
  <testcase classname="Test.TC_003_SearchHotelTCexecution" name="searchHotelExecution" time="6.559"/>
  <testcase classname="Test.TC_003_SearchHotelTCexecution" name="searchHotelExecution" time="6.355"/>
  <testcase classname="Test.TC_003_SearchHotelTCexecution" name="searchHotelExecution" time="6.813"/>
  <testcase classname="Test.TC_003_SearchHotelTCexecution" name="searchHotelExecution" time="5.312"/>
  <testcase classname="Test.TC_003_SearchHotelTCexecution" name="searchHotelExecution" time="6.447"/>
</testsuite> <!-- Test.TC_003_SearchHotelTCexecution -->
